1650977506937	geckodriver	INFO	Listening on 127.0.0.1:62744
1650977509898	mozrunner::runner	INFO	Running command: "C:\\Program Files\\Mozilla Firefox\\firefox.exe" "--marionette" "--remote-debugging-port" "62745" "-no-remote" "-profile" "C:\\Users\\Dell\\AppData\\Local\\Temp\\rust_mozprofilem3EwEd"
1650977510408	Marionette	INFO	Marionette enabled
console.warn: SearchSettings: "get: No settings file exists, new profile?" (new NotFoundError("Could not open the file at C:\\Users\\Dell\\AppData\\Local\\Temp\\rust_mozprofilem3EwEd\\search.json.mozlz4", (void 0)))
DevTools listening on ws://localhost:62745/devtools/browser/e02108dd-0ed9-4e72-ae90-80f98ca693ef
1650977517748	Marionette	INFO	Listening on port 62751
1650977517810	RemoteAgent	WARN	TLS certificate errors will be ignored for this session
1650977725686	Marionette	INFO	Stopped listening on port 62751650977726557	mozrunner::runner	INFO	Running command: "C:\\Program Files\\Mozilla Firefox\\firefox.exe" "--marionette" "--remote-debugging-port" "62905" "-no-remote" "-profile" "C:\\Users\\Dell\\AppData\\Local\\Temp\\rust_mozprofileLoQ5j1"
1650977727936	Marionette	INFO	Marionette enabled
console.warn: SearchSettings: "get: No settings file exists, new profile?" (new NotFoundError("Could not open the file at C:\\Users\\Dell\\AppData\\Local\\Temp\\rust_mozprofileLoQ5j1\\search.json.mozlz4", (void 0)))
DevTools listening on ws://localhost:62905/devtools/browser/1c8acf8c-e587-4509-8729-aa2f39e0969b
1650977734969	Marionette	INFO	Listening on port 62913
1650977735251	RemoteAgent	WARN	TLS certificate errors will be ignored for this session
1650977803322	Marionette	INFO	Stopped listening on port 62913
console.warn: TopSitesFeed: Failed to fetch data from Contile server: NetworkError when attempting to fetch resource.
JavaScript error: chrome://remote/content/marionette/cert.js, line 55: NS_ERROR_NOT_AVAILABLE: Component returned failure code: 0x80040111 (NS_ERROR_NOT_AVAILABLE) [nsICertOverrideService.setDisableAllSecurityChecksAndLetAttackersInterceptMyData]
NotFoundError("Could not open the file at C:\\Users\\Dell\\AppData\\Local\\Temp\\rust_mozprofilenmRoB9\\search.json.mozlz4", (void 0)))
DevTools listening on ws://localhost:62985/devtools/browser/78325ff0-e9b8-4525-914d-a5694eb3fbae
1650977790075	Marionette	INFO	Listening on port 62991
1650977790479	RemoteAgent	WARN	TLS certificate errors will be ignored for this session
console.warn: LoginRecipes: "getRecipes: falling back to a synchronous message for:" "https://selenium.dunossauro.live"
console.warn: LoginRecipes: "getRecipes: falling back to a synchronous message for:" "https://selenium.dunossauro.live"
JavaScript error: resource://gre/modules/LoginManagerParent.jsm, line 136: TypeError: gRecipeManager is null
1650977832500	Marionette	INFO	Stopped listening on port 62991
console.warn: TopSitesFeed: Failed to fetch data from Contile server: NetworkError when attempting to fetch resource.
JavaScript error: chrome://remote/content/marionette/cert.js, line 55: NS_ERROR_NOT_AVAILABLE: Component returned failure code: 0x80040111 (NS_ERROR_NOT_AVAILABLE) [nsICertOverrideService.setDisableAllSecurityChecksAndLetAttackersInterceptMyData]
1650977836337	geckodriver	INFO	Listening on 127.0.0.1:63069
1650977839315	mozrunner::runner	INFO	Running command: "C:\\Program Files\\Mozilla Firefox\\firefox.exe" "--marionette" "--remote-debugging-port" "63070" "-no-remote" "-profile" "C:\\Users\\Dell\\AppData\\Local\\Temp\\rust_mozprofileH3kq4M"
1650977839713	Marionette	INFO	Marionette enabled
console.warn: SearchSettings: "get: No settings file exists, new profile?" (new NotFoundError("Could not open the file at C:\\Users\\Dell\\AppData\\Local\\Temp\\rust_mozprofileH3kq4M\\search.json.mozlz4", (void 0)))
DevTools listening on ws://localhost:63070/devtools/browser/facf280c-55bc-4289-af63-3e35d996598b
1650977846093	Marionette	INFO	Listening on port 63077
1650977846366	RemoteAgent	WARN	TLS certificate errors will be ignored for this session
1650977875174	Marionette	INFO	Stopped listening on port 63077
console.warn: TopSitesFeed: Failed to fetch data from Contile server: NetworkError when attempting to fetch resource.
JavaScript error: chrome://remote/content/marionette/cert.js, line 55: NS_ERROR_NOT_AVAILABLE: Component returned failure code: 0x80040111 (NS_ERROR_NOT_AVAILABLE) [nsICertOverrideService.setDisableAllSecurityChecksAndLetAttackersInterceptMyData]
1650978022079	geckodriver	INFO	Listening on 127.0.0.1:63232
1650978025025	mozrunner::runner	INFO	Running command: "C:\\Program Files\\Mozilla Firefox\\firefox.exe" "--marionette" "--remote-debugging-port" "63233" "-no-remote" "-profile" "C:\\Users\\Dell\\AppData\\Local\\Temp\\rust_mozprofileq7gXsY"
1650978025534	Marionette	INFO	Marionette enabled
console.warn: SearchSettings: "get: No settings file exists, new profile?" (new NotFoundError("Could not open the file at C:\\Users\\Dell\\AppData\\Local\\Temp\\rust_mozprofileq7gXsY\\search.json.mozlz4", (void 0)))
DevTools listening on ws://localhost:63233/devtools/browser/52c42dd7-2c6f-41d2-bf50-c961d9cf9906
1650978030937	Marionette	INFO	Listening on port 63239
1650978031366	RemoteAgent	WARN	TLS certificate errors will be ignored for this session
console.warn: LoginRecipes: "getRecipes: falling back to a synchronous message for:" "https://selenium.dunossauro.live"
console.warn: LoginRecipes: "getRecipes: falling back to a synchronous message for:" "https://selenium.dunossauro.live"
JavaScript error: resource://gre/modules/LoginManagerParent.jsm, line 136: TypeError: gRecipeManager is null
JavaScript error: resource://gre/modules/AsyncShutdown.jsm, line 575: NotFoundError: No such JSWindowActor 'DevToolsFrame'
1650978532545	Marionette	INFO	Stopped listening on port 63239
console.warn: TopSitesFeed: Failed to fetch data from Contile server: NetworkError when attempting to fetch resource.
JavaScript error: chrome://remote/content/maconsole.warn: SearchSettings: "get: No settings file exists, new profile?" (new NotFoundError("Could not open the file at C:\\Users\\Dell\\AppData\\Local\\Temp\\rust_mozprofile9YqQW3\\search.json.mozlz4", (void 0)))
DevTools listening on ws://localhost:63610/devtools/browser/d6176137-147b-4806-90b7-197db0fc5cb9
1650978537012	Marionette	INFO	Listening on port 63617
1650978537250	RemoteAgent	WARN	TLS certificate errors will be ignored for this session
console.warn: LoginRecipes: "getRecipes: falling back to a synchronous message for:" "https://selenium.dunossauro.live"
console.warn: LoginRecipes: "getRecipes: falling back to a synchronous message for:" "https://selenium.dunossauro.live"
JavaScript error: resource://gre/modules/LoginManagerParent.jsm, line 136: TypeError: gRecipeManager is null
1650978595980	Marionette	INFO	Stopped listening on port 63617
console.warn: TopSitesFeed: Failed to fetch data from Contile server: NetworkError when attempting to fetch resource.
JavaScript error: chrome://remote/content/marionette/cert.js, line 55: NS_ERROR_NOT_AVAILABLE: Component returned failure code: 0x80040111 (NS_ERROR_NOT_AVAILABLE) [nsICertOverrideService.setDisableAllSecurityChecksAndLetAttackersInterceptMyData]
1650978599112	geckodriver	INFO	Listening on 127.0.0.1:63697
1650978602090	mozrunner::runner	INFO	Running command: "C:\\Program Files\\Mozilla Firefox\\firefox.exe" "--marionette" "--remote-debugging-port" "63698" "-no-remote" "-profile" "C:\\Users\\Dell\\AppData\\Local\\Temp\\rust_mozprofiletkeVwS"
1650978602558	Marionette	INFO	Marionette enabled
console.warn: SearchSettings: "get: No settings file exists, new profile?" (new NotFoundError("Could not open the file at C:\\Users\\Dell\\AppData\\Local\\Temp\\rust_mozprofiletkeVwS\\search.json.mozlz4", (void 0)))
DevTools listening on ws://localhost:63698/devtools/browser/87e4aa3c-88be-46f3-97f8-00edffa0e6b6
1650978608446	Marionette	INFO	Listening on port 63704
1650978608539	RemoteAgent	WARN	TLS certificate errors will be ignored for this session
console.warn: LoginRecipes: "getRecipes: falling back to a synchronous message for:" "https://selenium.dunossauro.live"
console.warn: LoginRecipes: "getRecipes: falling back to a synchronous message for:" "https://selenium.dunossauro.live"
JavaScript error: resource://gre/modules/LoginManagerParent.jsm, line 136: TypeError: gRecipeManager is null
1650979210583	Marionette	INFO	Stopped listening on port 63704
console.warn: TopSitesFeed: Failed to fetch data from Contile server: NetworkError when attempting to fetch resource.
JavaScript error: chrome://remote/content/marionette/cert.js, line 55: NS_ERROR_NOT_AVAILABLE: Component returned fail1650979211031	Marionette	INFO	Marionette enabled
console.warn: SearchSettings: "get: No settings file exists, new profile?" (new NotFoundError("Could not open the file at C:\\Users\\Dell\\AppData\\Local\\Temp\\rust_mozprofilecu7Kvp\\search.json.mozlz4", (void 0)))
JavaScript error: resource://activity-stream/lib/ActivityStreamPrefs.jsm, line 27: NS_ERROR_ILLEGAL_VALUE: Component returned failure code: 0x80070057 (NS_ERROR_ILLEGAL_VALUE) [nsIPrefBranch.removeObserver]
console.warn: TopSitesFeed: Failed to fetch data from Contile server: NetworkError when attempting to fetch resource.
JavaScript error: resource://activity-stream/lib/PlacesFeed.jsm, line 178: NS_ERROR_UNEXPECTED: Component returned failure code: 0x8000ffff (NS_ERROR_UNEXPECTED) [nsINavBookmarksService.addObserver]
JavaScript error: resource://gre/modules/JSONFile.jsm, line 138: AbortError: IOUtils.profileBeforeChange getter: IOUtils: profileBeforeChange phase has already finished
console.log: "RemoteSettingsWorker error: Error: Can't import when we've started shutting down."
console.log: "RemoteSettingsWorker error: Error: Can't import when we've started shutting down."
console.log: "RemoteSettingsWorker error: Error: Can't import when we've started shutting down."
console.log: "RemoteSettingsWorker error: Error: Can't import when we've started shutting down."
