1651188445558	geckodriver	INFO	Listening on 127.0.0.1:57806
1651188448576	mozrunner::runner	INFO	Running command: "C:\\Program Files\\Mozilla Firefox\\firefox.exe" "--marionette" "--remote-debugging-port" "57807" "-no-remote" "-profile" "C:\\Users\\Dell\\AppData\\Local\\Temp\\rust_mozprofileRbbTFy"
1651188448954	Marionette	INFO	Marionette enabled
console.warn: SearchSettings: "get: No settings file exists, new profile?" (new NotFoundError("Could not open the file at C:\\Users\\Dell\\AppData\\Local\\Temp\\rust_mozprofileRbbTFy\\search.json.mozlz4", (void 0)))
DevTools listening on ws://localhost:57807/devtools/browser/8309212e-5813-4c5e-85a0-1fe094825b72
1651188454347	Marionette	INFO	Listening on port 57812
1651188454390	RemoteAgent	WARN	TLS certificate errors will be ignored for this session
1651188571276	Marionette	INFO	Stopped listening on port 57811651188571843	mozrunner::runner	INFO	Running command: "C:\\Program Files\\Mozilla Firefox\\firefox.exe" "--marionette" "--remote-debugging-port" "57862" "-no-remote" "-profile" "C:\\Users\\Dell\\AppData\\Local\\Temp\\rust_mozprofileSHZAIS"
1651188572499	Marionette	INFO	Marionette enabled
console.warn: SearchSettings: "get: No settings file exists, new profile?" (new NotFoundError("Could not open the file at C:\\Users\\Dell\\AppData\\Local\\Temp\\rust_mozprofileSHZAIS\\search.json.mozlz4", (void 0)))
DevTools listening on ws://localhost:57862/devtools/browser/aa9c1725-b351-41b1-a8f3-dd9abb352a5a
1651188578269	Marionette	INFO	Listening on port 57867
1651188578787	RemoteAgent	WARN	TLS certificate errors will be ignored for this session
1651189130480	Marionette	INFO	Stopped listening on port 57867
console.warn: TopSitesFeed: Failed to fetch data from Contile server: NetworkError when attempting to fetch resource.
JavaScript error: chrome://remote/content/marionette/cert.js, line 55: NS_ERROR_NOT_AVAILABLE: Component returned failure code: 0x80040111 (NS_ERROR_NOT_AVAILABLE) [nsICertOverrideService.setDisableAllSecurityChecksAndLetAttackersInterceptMyData]
[Parent 17704, IPC I/O Parent] WARNING: file /builds/worker/checkouts/gecko/ipc/chromium/src/base/process_util_win.cc:167
, (void 0)))
DevTools listening on ws://localhost:64566/devtools/browser/1ccb4254-0506-4441-a2cc-a63f3302ffc0
1651189113552	Marionette	INFO	Listening on port 64574
1651189113853	RemoteAgent	WARN	TLS certificate errors will be ignored for this session
1651189147949	Marionette	INFO	Stopped listening on port 64574
console.warn: TopSitesFeed: Failed to fetch data from Contile server: NetworkError when attempting to fetch resource.
JavaScript error: chrome://remote/content/marionette/cert.js, line 55: NS_ERROR_NOT_AVAILABLE: Component returned failure code: 0x80040111 (NS_ERROR_NOT_AVAILABLE) [nsICertOverrideService.setDisableAllSecurityChecksAndLetAttackersInterceptMyData]
1651189227855	geckodriver	INFO	Listening on 127.0.0.1:64631
1651189230899	mozrunner::runner	INFO	Running command: "C:\\Program Files\\Mozilla Firefox\\firefox.exe" "--marionette" "--remote-debugging-port" "64632" "-no-remote" "-profile" "C:\\Users\\Dell\\AppData\\Local\\Temp\\rust_mozprofileDWr2OT"
1651189231278	Marionette	INFO	Marionette enabled
console.warn: SearchSettings: "get: No settings file exists, new profile?" (new NotFoundError("Could not open the file at C:\\Users\\Dell\\AppData\\Local\\Temp\\rust_mozprofileDWr2OT\\search.json.mozlz4", (void 0)))
DevTools listening on ws://localhost:64632/devtools/browser/3cbd8498-ed1e-485c-a5c7-d4cc911841af
1651189237138	Marionette	INFO	Listening on port 64638
1651189237193	RemoteAgent	WARN	TLS certificate errors will be ignored for this session
1651189278729	Marionette	INFO	Stopped listening on port 64638
console.warn: TopSitesFeed: Failed to fetch data from Contile server: NetworkError when attempting to fetch resource.
JavaScript error: chrome://remote/content/marionette/cert.js, line 55: NS_ERROR_NOT_AVAILABLE: Component returned failure code: 0x80040111 (NS_ERROR_NOT_AVAILABLE) [nsICertOverrideService.setDisableAllSecurityChecksAndLetAttackersInterceptMyData]
1651189281280	geckodriver	INFO	Listening on 127.0.0.1:64681
1651189284282	mozrunner::runner	INFO	Running command: "C:\\Program Files\\Mozilla Firefox\\firefox.exe" "--marionette" "--remote-debugging-port" "64682" "-no-remote" "-profile" "C:\\Users\\Dell\\AppData\\Local\\Temp\\rust_mozprofile4ej3dz"
1651189284740	Marionette	INFO	Marionette enabled
console.warn: SearchSettings: "get: No settings file exists, new profile?" (new NotFoundError("Could not open the file at C:\\Users\\Dell\\AppData\\Local\\Temp\\rust_mozprofile4ej3dz\\search.json.mozlz4", (void 0)))
DevTools listening on ws://localhost:64682/devtools/browser/8a5f7b95-43bd-46d2-8602-9ececc286cd3
1651189290284	Marionette	INFO	Listening on port 64687
1651189290631	RemoteAgent	WARN	TLS certificate errors will be ignored for this session
JavaScript error: https://selenium.dunossauro.live/js/brython.js line 7929 > eval, line 11: Error: 
JavaScript error: https://selenium.dunossauro.live/js/brython.js line 7929 > eval, line 11: Error: 
JavaScript error: https://selenium.dunossauro.live/js/brython.js line 7929 > eval, line 11: Error: 
1651189503476	Marionette	INFO	Stopped listening on port 64687
JavaScript error: chrome://remote/content/marionette/cert.js, line 55: NS_ERROR_NOT_AVAILABLE: Component returned failure code: 0x80040111 (NS_ERROR_NOT_AVAILABLE) [nsICertOverrideService.setDisableAllSecurityChecksAndLetAttackersInterceptMyData]
console.warn: TopSitesFeed: Failed to fetch data from Contile server: NetworkError when attempting to fetch resource.
1651189506493	geckodriver	INFO	Listening on 127.0.0.1:64742
1651189509507	mozrunner::runner	INFO	Running command: "C:\\Program Files\\Mozilla Firefox\\firefox.exe" "--marionette" "--remote-debugging-port" "64743" "-no-remote" "-profile" "C:\\Users\\Dell\\AppData\\Local\\Temp\\rust_mozprofilefoTgwT"
1651189509972	Marionette	INFO	Marionette enabled
console.warn: SearchSettings: "get: No settings file exists, new profile?" (new NotFoundError("Could not open the file at C:\\Users\\Dell\\AppData\\Local\\Temp\\rust_mozprofilefoTgwT\\search.json.mozlz4", (void 0)))
DevTools listening on ws://localhost:64743/devtools/browser/8029f14f-ddd4-4b18-86e4-8296b0a7b68f
1651189515545	Marionette	INFO	Listening on port 64748
1651189515817	RemoteAgent	WARN	TLS certificate errors will be ignored for this session
1651189653954	Marionette	INFO	Stopped listening on port 64748
console.warn: TopSitesFeed: Failed to fetch data from Contile server: NetworkError when attempting to fetch resource.
JavaScript error: chrome://remote/content/marionette/cert.js, line 55: NS_ERROR_NOT_AVAILABLE: Component returned fail1651189654999	Marionette	INFO	Marionette enabled
console.warn: SearchSettings: "get: No settings file exists, new profile?" (new NotFoundError("Could not open the file at C:\\Users\\Dell\\AppData\\Local\\Temp\\rust_mozprofileY0k9yF\\search.json.mozlz4", (void 0)))
DevTools listening on ws://localhost:64803/devtools/browser/2c689c44-96a9-41db-8e04-252a04c6ca27
1651189660897	Marionette	INFO	Listening on port 64808
1651189661328	RemoteAgent	WARN	TLS certificate errors will be ignored for this session
1651189909009	Marionette	INFO	Stopped listening on port 64808
console.warn: TopSitesFeed: Failed to fetch data from Contile server: NetworkError when attempting to fetch resource.
JavaScript error: chrome://remote/content/marionette/cert.js, line 55: NS_ERROR_NOT_AVAILABLE: Component returned failure code: 0x80040111 (NS_ERROR_NOT_AVAILABLE) [nsICertOverrideService.setDisableAllSecurityChecksAndLetAttackersInterceptMyData]
NotFoundError("Could not open the file at C:\\Users\\Dell\\AppData\\Local\\Temp\\rust_mozprofilewgIAww\\search.json.mozlz4", (void 0)))
DevTools listening on ws://localhost:64865/devtools/browser/45777b3d-f566-469c-b901-81614168d32c
1651189811872	Marionette	INFO	Listening on port 64870
1651189812071	RemoteAgent	WARN	TLS certificate errors will be ignored for this session
1651189908081	Marionette	INFO	Stopped listening on port 64870
console.warn: TopSitesFeed: Failed to fetch data from Contile server: NetworkError when attempting to fetch resource.
JavaScript error: chrome://remote/content/marionette/cert.js, line 55: NS_ERROR_NOT_AVAILABLE: Component returned failure code: 0x80040111 (NS_ERROR_NOT_AVAILABLE) [nsICertOverrideService.setDisableAllSecurityChecksAndLetAttackersInterceptMyData]
[Parent 9384, IPC I/O Parent] WARNING: file /builds/worker/checkouts/gecko/ipc/chromium/src/base/process_util_win.cc:167
1651189912545	geckodriver	INFO	Listening on 127.0.0.1:64924
1651189915550	mozrunner::runner	INFO	Running command: "C:\\Program Files\\Mozilla Firefox\\firefox.exe" "--marionette" "--remote-debugging-port" "64925" "-no-remote" "-profile" "C:\\Users\\Dell\\AppData\\Local\\Temp\\rust_mozprofile79bi1h"
1651189916018	Marionette	INFO	Marionette enabled
console.warn: SearchSettings: "get: No settings file exists, new profile?" (new NotFoundError("Could not open the file at C:\\Users\\Dell\\AppData\\Local\\Temp\\rust_mozprofile79bi1h\\search.json.mozlz4", (void 0)))
DevTools listening on ws://localhost:64925/devtools/browser/4a737731-c899-4f61-ba62-8bdbe7879345
1651189921992	Marionette	INFO	Listening on port 64930
1651189922476	RemoteAgent	WARN	TLS certificate errors will be ignored for this session
1651190056760	Marionette	INFO	Stopped listening on port 64931651190057642	mozrunner::runner	INFO	Running command: "C:\\Program Files\\Mozilla Firefox\\firefox.exe" "--marionette" "--remote-debugging-port" "62790" "-no-remote" "-profile" "C:\\Users\\Dell\\AppData\\Local\\Temp\\rust_mozprofile5Za8dk"
1651190058241	Marionette	INFO	Marionette enabled
console.warn: SearchSettings: "get: No settings file exists, new profile?" (new NotFoundError("Could not open the file at C:\\Users\\Dell\\AppData\\Local\\Temp\\rust_mozprofile5Za8dk\\search.json.mozlz4", (void 0)))
DevTools listening on ws://localhost:62790/devtools/browser/646e2ad7-361f-4f7c-8add-7e63a5b1f959
1651190063540	Marionette	INFO	Listening on port 62796
1651190063973	RemoteAgent	WARN	TLS certificate errors will be ignored for this session
1651190218313	Marionette	INFO	Stopped listening on port 62796
console.warn: TopSitesFeed: Failed to fetch data from Contile server: NetworkError when attempting to fetch resource.
JavaScript error: chrome://remote/content/marionette/cert.js, line 55: NS_ERROR_NOT_AVAILABLE: Component returned failure code: 0x80040111 (NS_ERROR_NOT_AVAILABLE) [nsICertOverrideService.setDisableAllSecurityChecksAndLetAttackersInterceptMyData]
1651190221071	geckodriver	INFO	Listening on 127.0.0.1:62851
1651190224096	mozrunner::runner	INFO	Running command: "C:\\Program Files\\Mozilla Firefox\\firefox.exe" "--marionette" "--remote-debugging-port" "62852" "-no-remote" "-profile" "C:\\Users\\Dell\\AppData\\Local\\Temp\\rust_mozprofileA1og4D"
1651190224569	Marionette	INFO	Marionette enabled
console.warn: SearchSettings: "get: No settings file exists, new profile?" (new NotFoundError("Could not open the file at C:\\Users\\Dell\\AppData\\Local\\Temp\\rust_mozprofileA1og4D\\search.json.mozlz4", (void 0)))
DevTools listening on ws://localhost:62852/devtools/browser/72352f60-b974-4982-a9d2-ea352dec4f79
1651190230449	Marionette	INFO	Listening on port 62858
1651190230537	RemoteAgent	WARN	TLS certificate errors will be ignored for this session
1651190426053	Marionette	INFO	Stopped listening on port 62851651190427117	mozrunner::runner	INFO	Running command: "C:\\Program Files\\Mozilla Firefox\\firefox.exe" "--marionette" "--remote-debugging-port" "62926" "-no-remote" "-profile" "C:\\Users\\Dell\\AppData\\Local\\Temp\\rust_mozprofilel15Lic"
1651190427572	Marionette	INFO	Marionette enabled
console.warn: SearchSettings: "get: No settings file exists, new profile?" (new NotFoundError("Could not open the file at C:\\Users\\Dell\\AppData\\Local\\Temp\\rust_mozprofilel15Lic\\search.json.mozlz4", (void 0)))
DevTools listening on ws://localhost:62926/devtools/browser/41ebe456-a1e6-440d-88ff-ebf71d4be3cb
1651190433570	Marionette	INFO	Listening on port 62933
1651190434010	RemoteAgent	WARN	TLS certificate errors will be ignored for this session
console.error: Region.jsm: "Error fetching region" (new Error("TIMEOUT", "resource://gre/modules/Region.jsm", 772))
console.error: Region.jsm: "Failed to fetch region" (new Error("TIMEOUT", "resource://gre/modules/Region.jsm", 419))
1651190620029	Marionette	INFO	Stopped listening on port 62933
console.warn: TopSitesFeed: Failed to fetch data from Contile server: NetworkError when attempting to fetch resource.
JavaScript error: chrome://remote/content/marionette/cert.js, line 55: NS_ERROR_NOT_AVAILABLE: Component returned failure code: 0x80040111 (NS_ERROR_NOT_AVAILABLE) [nsICertOverrideService.setDisableAllSecurityChecksAndLetAttackersInterceptMyData]
NotFoundError("Could not open the file at C:\\Users\\Dell\\AppData\\Local\\Temp\\rust_mozprofileF6Z1KJ\\search.json.mozlz4", (void 0)))
DevTools listening on ws://localhost:62991/devtools/browser/fd11557b-f869-4664-9c9e-e75c20dbf1ca
1651190572894	Marionette	INFO	Listening on port 62996
1651190573049	RemoteAgent	WARN	TLS certificate errors will be ignored for this session
1651190659597	Marionette	INFO	Stopped listening on port 62991651190660402	mozrunner::runner	INFO	Running command: "C:\\Program Files\\Mozilla Firefox\\firefox.exe" "--marionette" "--remote-debugging-port" "63045" "-no-remote" "-profile" "C:\\Users\\Dell\\AppData\\Local\\Temp\\rust_mozprofile7OfeyD"
1651190660923	Marionette	INFO	Marionette enabled
console.warn: SearchSettings: "get: No settings file exists, new profile?" (new NotFoundError("Could not open the file at C:\\Users\\Dell\\AppData\\Local\\Temp\\rust_mozprofile7OfeyD\\search.json.mozlz4", (void 0)))
DevTools listening on ws://localhost:63045/devtools/browser/e8e4011d-bdcb-4c1a-b215-537204acf85e
1651190667557	Marionette	INFO	Listening on port 63052
1651190667836	RemoteAgent	WARN	TLS certificate errors will be ignored for this session
1651191052596	Marionette	INFO	Stopped listening on port 63052
console.warn: TopSitesFeed: Failed to fetch data from Contile server: NetworkError when attempting to fetch resource.
console.error: services.settings: 
  Message: TypeError: NetworkError: Network request failed
  Stack:
    fetch/</request.onerror@resource://services-settings/Utils.jsm:154:26

console.warn: services.settings: main/url-classifier-skip-urls sync interrupted by shutdown
console.warn: services.settings: main/pioneer-study-addons-v1 sync interrupted by shutdown
JavaScript error: chrome://remote/content/marionette/cert.js, line 55: NS_ERROR_NOT_AVAILABLE: Component returned failure code: 0x80040111 (NS_ERROR_NOT_AVAILABLE) [nsICertOverrideService.setDisableAllSecurityChecksAndLetAttackersInterceptMyData]
console.wa1651191053654	Marionette	INFO	Stopped listening on port 63111
JavaScript error: chrome://remote/content/marionette/cert.js, line 55: NS_ERROR_NOT_AVAILABLE: Component returned failure code: 0x80040111 (NS_ERROR_NOT_AVAILABLE) [nsICertOverrideService.setDisableAllSecurityChecksAndLetAttackersInterceptMyData]
[Parent 22808, IPC I/O Parent] WARNING: file /builds/worker/checkouts/gecko/ipc/chromium/src/base/process_util_win.cc:167
wn
console.warn: services.settings: main/sites-classification sync interrupted by shutdown
[Parent 13220, IPC I/O Parent] WARNING: file /builds/worker/checkouts/gecko/ipc/chromium/src/base/process_util_win.cc:167
1651191056006	geckodriver	INFO	Listening on 127.0.0.1:63189
1651191059028	mozrunner::runner	INFO	Running command: "C:\\Program Files\\Mozilla Firefox\\firefox.exe" "--marionette" "--remote-debugging-port" "63190" "-no-remote" "-profile" "C:\\Users\\Dell\\AppData\\Local\\Temp\\rust_mozprofiletd3eRD"
1651191059416	Marionette	INFO	Marionette enabled
console.warn: SearchSettings: "get: No settings file exists, new profile?" (new NotFoundError("Could not open the file at C:\\Users\\Dell\\AppData\\Local\\Temp\\rust_mozprofiletd3eRD\\search.json.mozlz4", (void 0)))
DevTools listening on ws://localhost:63190/devtools/browser/3d1062c6-9844-45a5-aa14-764d3c07dbef
1651191066014	Marionette	INFO	Listening on port 63195
1651191066486	RemoteAgent	WARN	TLS certificate errors will be ignored for this session
JavaScript error: https://selenium.dunossauro.live/js/brython.js line 7929 > eval, line 11: Error: 
1651191377571	Marionette	INFO	Stopped listening on port 63195
console.warn: TopSitesFeed: Failed to fetch data from Contile server: NetworkError when attempting to fetch resource.
JavaScript error: chrome://remote/content/marionette/cert.js, line 55: NS_ERROR_NOT_AVAILABLE: Component returned failure code: 0x80040111 (NS_ERROR_NOT_AVAILABLE) [nsICertOverrideService.setDisableAllSecurityChecksAndLetAttackersInterceptMyData]
NotFoundError("Could not open the file at C:\\Users\\Dell\\AppData\\Local\\Temp\\rust_mozprofileoASEej\\search.json.mozlz4", (void 0)))
DevTools listening on ws://localhost:63260/devtools/browser/b94889aa-d36c-4ef3-8498-3f75cb0d9251
1651191306606	Marionette	INFO	Listening on port 63265
1651191306991	RemoteAgent	WARN	TLS certificate errors will be ignored for this session
JavaScript error: https://selenium.dunossauro.live/js/brython.js line 7929 > eval, line 11: Error: 
JavaScript error: https://selenium.dunossauro.live/js/brython.js line 7929 > eval, line 11: Error: 
JavaScript error: https://selenium.dunossauro.live/js/brython.js line 7929 > eval, line 11: Error: 
JavaScript error: https://selenium.dunossauro.live/js/brython.js line 7929 > eval, line 11: Error: 
JavaScript error: https://selenium.dunossauro.live/js/brython.js line 7929 > eval, line 11: Error: 
JavaScript error: https://selenium.dunossauro.live/js/brython.js line 7929 > eval, line 11: Error: 
JavaScript error: https://selenium.dunossauro.live/js/brython.js line 7929 > eval, line 11: Error: 
JavaScript error: https://selenium.dunossauro.live/js/brython.js line 7929 > eval, line 11: Error: 
JavaScript error: https://selenium.dunossauro.live/js/brython.js line 7929 > eval, line 11: Error: 
JavaScript error: https://selenium.dunossauro.live/js/brython.js line 7929 > eval, line 11: Error: 
JavaScript error: https://selenium.dunossauro.live/js/brython.js line 7929 > eval, line 11: Error: 
JavaScript error: https://selenium.dunossauro.live/js/brython.js line 7929 > eval, line 11: Error: 
JavaScript error: https://selenium.dunossauro.live/js/brython.js line 7929 > eval, line 11: Error: 
JavaScript error: https://selenium.dunossauro.live/js/brython.js line 7929 > eval, line 11: Error: 
JavaScript error: https://selenium.dunossauro.live/js/brython.js line 7929 > eval, line 11: Error: 
JavaScript error: https://selenium.dunossauro.live/js/brython.js line 7929 > eval, line 11: Error: 
JavaScript error: https://selenium.dunossauro.live/js/brython.js line 7929 > eval, line 11: Error: 
JavaScript error: https://selenium.dunossauro.live/js/brython.js line 7929 > eval, line 11: Error: 
JavaScript error: https://selenium.dunossauro.live/js/brython.js line 7929 > eval, line 11: Error: 
JavaScript error: https://selenium.dunossauro.live/js/brython.js line 7929 > eval, line 11: Error: 
JavaScript error: https://selenium.dunossauro.live/js/brython.js line 7929 > eval, line 11: Error: 
JavaScript error: https://selenium.dunossauro.live/js/brython.js line 7929 > eval, line 11: Error: 
JavaScript error: https://selenium.dunossauro.live/js/brython.js line 7929 > eval, line 11: Error: 
JavaScript error: https://selenium.dunossauro.live/js/brython.js line 7929 > eval, line 11: Error: 
JavaScript error: https://selenium.dunossauro.live/js/brython.js line 7929 > eval, line 11: Error: 
JavaScript error: https://selenium.dunossauro.live/js/brython.js line 7929 > eval, line 11: Error: 
JavaScript error: https://selenium.dunossauro.live/js/brython.js line 7929 > eval, line 11: Error: 
JavaScript error: https://selenium.dunossauro.live/js/brython.js line 7929 > eval, line 11: Error: 
JavaScript error: https://selenium.dunossauro.live/js/brython.js line 7929 > eval, line 11: Error: 
JavaScript error: https://selenium.dunossauro.live/js/brython.js line 7929 > eval, line 11: Error: 
JavaScript error: https://selenium.dunossauro.live/js/brython.js line 7929 > eval, line 11: Error: 
JavaScript error: https://selenium.dunossauro.live/js/brython.js line 7929 > eval, line 11: Error: 
JavaScript error: https://selenium.dunossauro.live/js/brython.js line 7929 > eval, line 11: Error: 
JavaScript error: https://selenium.dunossauro.live/js/brython.js line 7929 > eval, line 11: Error: 
JavaScript error: https://selenium.dunossauro.live/js/brython.js line 7929 > eval, line 11: Error: 
JavaScript error: https://selenium.dunossauro.live/js/brython.js line 7929 > eval, line 11: Error: 
1651191902444	Marionette	INFO	Stopped listening on port 63261651191903216	mozrunner::runner	INFO	Running command: "C:\\Program Files\\Mozilla Firefox\\firefox.exe" "--marionette" "--remote-debugging-port" "63380" "-no-remote" "-profile" "C:\\Users\\Dell\\AppData\\Local\\Temp\\rust_mozprofile6cmHtk"
1651191903787	Marionette	INFO	Marionette enabled
CertOverrideService.setDisableAllSecurityChecksAndLetAttackersInterceptMyData]
[Parent 18568, IPC I/O Parent] WARNING: file /builds/worker/checkouts/gecko/ipc/chromium/src/base/process_util_win.cc:167
